date:02:22:59 19.01.2022  pid:9733  MESSAGE  '[1]closed receiver'
date:02:24:21 19.01.2022  pid:9733  MESSAGE  '[1]closed receiver'
date:02:25:57 19.01.2022  pid:9733  MESSAGE  '[1]closed receiver'
date:06:41:35  2.02.2022  pid:5386  MESSAGE  'Success signup user'
date:06:41:35  2.02.2022  pid:5386  MESSAGE  'Logged in correct'
date:06:41:44  2.02.2022  pid:5386  MESSAGE  '[2]closed receiver'
date:06:41:57  2.02.2022  pid:5386  MESSAGE  'Logged in correct'
date:06:42:36  2.02.2022  pid:5386  MESSAGE  '[1]closed receiver'
date:06:43:44  2.02.2022  pid:5386  MESSAGE  'user not found'
date:06:43:46  2.02.2022  pid:5386  MESSAGE  'Logged in correct'
date:06:44:12  2.02.2022  pid:5386  MESSAGE  '[1]closed receiver'
date:06:45:52  2.02.2022  pid:5386  MESSAGE  'Success signup user'
date:06:45:52  2.02.2022  pid:5386  MESSAGE  'Logged in correct'
date:06:46:01  2.02.2022  pid:5386  MESSAGE  'Logged in correct'
date:06:46:27  2.02.2022  pid:5386  MESSAGE  'Already exist user'
date:06:46:35  2.02.2022  pid:5386  MESSAGE  'Logged in correct'
date:06:48:14  2.02.2022  pid:5386  MESSAGE  '[1]closed receiver'
date:06:48:21  2.02.2022  pid:5386  MESSAGE  '[1]closed receiver'
date:06:50:07  2.02.2022  pid:5386  MESSAGE  'Logged in correct'
date:06:50:13  2.02.2022  pid:5386  MESSAGE  '[1]closed receiver'
date:07:16:09  2.02.2022  pid:5386  MESSAGE  'Logged in correct'
date:07:16:22  2.02.2022  pid:5386  MESSAGE  '[1]closed receiver'
date:07:23:54  2.02.2022  pid:2261  MESSAGE  'Success signup user'
date:07:23:54  2.02.2022  pid:2261  MESSAGE  'Logged in correct'
date:07:24:26  2.02.2022  pid:2261  MESSAGE  '[1]closed receiver'
date:07:31:02  2.02.2022  pid:2484  MESSAGE  'Already exist user'
date:07:31:08  2.02.2022  pid:2484  MESSAGE  'Logged in correct'
date:07:31:19  2.02.2022  pid:2484  MESSAGE  '[1]closed receiver'
date:07:35:32  2.02.2022  pid:2660  MESSAGE  '[1]closed receiver'
date:07:36:31  2.02.2022  pid:2705  MESSAGE  'Logged in correct'
date:07:36:48  2.02.2022  pid:2705  MESSAGE  '[1]closed receiver'
date:07:38:38  2.02.2022  pid:2807  MESSAGE  'Logged in correct'
date:07:38:46  2.02.2022  pid:2807  MESSAGE  '[1]closed receiver'
date:09:42:06  2.02.2022  pid:2807  MESSAGE  'Already exist user'
date:09:42:12  2.02.2022  pid:2807  MESSAGE  'Logged in correct'
date:09:55:52  2.02.2022  pid:2807  MESSAGE  '[1]closed receiver'
date:09:59:40  2.02.2022  pid:2807  MESSAGE  'Logged in correct'
date:09:59:58  2.02.2022  pid:2807  MESSAGE  '[1]closed receiver'
date:11:41:02  2.02.2022  pid:2807  MESSAGE  '[1]closed receiver'
date:11:42:04  2.02.2022  pid:2807  MESSAGE  'Inccorect pass'
date:11:42:09  2.02.2022  pid:2807  MESSAGE  'Logged in correct'
date:11:42:18  2.02.2022  pid:2807  MESSAGE  '[1]closed receiver'
date:11:42:35  2.02.2022  pid:2807  MESSAGE  '[1]closed receiver'
date:12:42:53  2.02.2022  pid:2807  MESSAGE  'Logged in correct'
date:12:45:12  2.02.2022  pid:2807  MESSAGE  '[1]closed receiver'
date:12:45:22  2.02.2022  pid:2807  MESSAGE  'Logged in correct'
date:12:45:54  2.02.2022  pid:2807  MESSAGE  '[1]closed receiver'
date:12:46:05  2.02.2022  pid:2807  MESSAGE  'Logged in correct'
date:12:47:58  2.02.2022  pid:2807  MESSAGE  '[1]closed receiver'
date:12:54:15  2.02.2022  pid:2807  MESSAGE  'Logged in correct'
date:12:54:41  2.02.2022  pid:2807  MESSAGE  '[1]closed receiver'
date:12:55:06  2.02.2022  pid:2807  MESSAGE  'Logged in correct'
date:12:55:12  2.02.2022  pid:2807  MESSAGE  '[1]closed receiver'
date:13:00:30  2.02.2022  pid:2807  MESSAGE  'Logged in correct'
date:13:42:32  2.02.2022  pid:11459  MESSAGE  '[1]closed receiver'
date:13:44:07  2.02.2022  pid:11459  MESSAGE  '[1]closed receiver'
date:13:44:53  2.02.2022  pid:11459  MESSAGE  '[1]closed receiver'
date:13:54:14  2.02.2022  pid:11459  MESSAGE  '[1]closed receiver'
date:13:54:29  2.02.2022  pid:11459  MESSAGE  'Logged in correct'
date:13:54:49  2.02.2022  pid:11459  MESSAGE  '[1]closed receiver'
date:13:57:58  2.02.2022  pid:11459  MESSAGE  'Logged in correct'
date:13:58:25  2.02.2022  pid:11459  MESSAGE  '[1]closed receiver'
date:14:02:25  2.02.2022  pid:11459  MESSAGE  'Logged in correct'
date:14:02:54  2.02.2022  pid:11459  MESSAGE  '[1]closed receiver'
date:14:03:38  2.02.2022  pid:11459  MESSAGE  'Logged in correct'
date:14:04:55  2.02.2022  pid:11459  MESSAGE  '[1]closed receiver'
date:14:05:08  2.02.2022  pid:11459  MESSAGE  'Logged in correct'
date:14:05:18  2.02.2022  pid:11459  MESSAGE  '[1]closed receiver'
date:15:46:23  2.02.2022  pid:11459  MESSAGE  'Logged in correct'
date:15:47:01  2.02.2022  pid:11459  MESSAGE  '[1]closed receiver'
